
/home/runner/work/exp-db-access-control-amrt/exp-db-access-control-amrt/experiment/simulation/js/index-BlmRVAcu.js
    9:1588   warning  Do not access Object.prototype method 'hasOwnProperty' from target object  no-prototype-builtins
    9:4656   warning  Do not access Object.prototype method 'hasOwnProperty' from target object  no-prototype-builtins
   17:376    warning  Do not access Object.prototype method 'hasOwnProperty' from target object  no-prototype-builtins
   25:912    warning  'setImmediate' is not defined                                              no-undef
   33:596    warning  Unexpected combined character in character class                           no-misleading-character-class
   33:3023   warning  Unnecessary escape character: \-                                           no-useless-escape
   33:4912   warning  Do not access Object.prototype method 'hasOwnProperty' from target object  no-prototype-builtins
   37:202    warning  Expected a conditional expression and instead saw an assignment            no-cond-assign
   37:1216   warning  Empty block statement                                                      no-empty
   37:2389   warning  Do not access Object.prototype method 'hasOwnProperty' from target object  no-prototype-builtins
   37:3869   warning  Do not access Object.prototype method 'hasOwnProperty' from target object  no-prototype-builtins
   37:3910   warning  Do not access Object.prototype method 'hasOwnProperty' from target object  no-prototype-builtins
   37:4077   warning  Do not access Object.prototype method 'hasOwnProperty' from target object  no-prototype-builtins
   37:4104   warning  Do not access Object.prototype method 'hasOwnProperty' from target object  no-prototype-builtins
   37:4695   warning  Do not access Object.prototype method 'hasOwnProperty' from target object  no-prototype-builtins
   37:6032   warning  'MSApp' is not defined                                                     no-undef
   37:6080   warning  'MSApp' is not defined                                                     no-undef
   37:7460   warning  Do not access Object.prototype method 'hasOwnProperty' from target object  no-prototype-builtins
   37:7553   warning  Do not access Object.prototype method 'hasOwnProperty' from target object  no-prototype-builtins
   37:8636   warning  Expected a conditional expression and instead saw an assignment            no-cond-assign
   37:9657   warning  Expected to return a value in method 'get'                                 getter-return
   37:9790   warning  'r' is defined but never used                                              no-unused-vars
   37:9792   warning  's' is defined but never used                                              no-unused-vars
   37:9794   warning  'o' is defined but never used                                              no-unused-vars
   37:9796   warning  'i' is defined but never used                                              no-unused-vars
   37:9798   warning  'l' is defined but never used                                              no-unused-vars
   37:9800   warning  'c' is defined but never used                                              no-unused-vars
   37:9973   warning  'e' is defined but never used                                              no-unused-vars
   37:9975   warning  't' is defined but never used                                              no-unused-vars
   37:9977   warning  'n' is defined but never used                                              no-unused-vars
   37:9979   warning  'r' is defined but never used                                              no-unused-vars
   37:9981   warning  's' is defined but never used                                              no-unused-vars
   37:9983   warning  'o' is defined but never used                                              no-unused-vars
   37:9985   warning  'i' is defined but never used                                              no-unused-vars
   37:9987   warning  'l' is defined but never used                                              no-unused-vars
   37:9989   warning  'c' is defined but never used                                              no-unused-vars
   37:10041  warning  'e' is defined but never used                                              no-unused-vars
   37:10043  warning  't' is defined but never used                                              no-unused-vars
   37:10045  warning  'n' is defined but never used                                              no-unused-vars
   37:10047  warning  'r' is defined but never used                                              no-unused-vars
   37:10049  warning  's' is defined but never used                                              no-unused-vars
   37:10051  warning  'o' is defined but never used                                              no-unused-vars
   37:10053  warning  'i' is defined but never used                                              no-unused-vars
   37:10055  warning  'l' is defined but never used                                              no-unused-vars
   37:10057  warning  'c' is defined but never used                                              no-unused-vars
   37:11890  warning  Empty block statement                                                      no-empty
   37:19777  warning  Do not access Object.prototype method 'hasOwnProperty' from target object  no-prototype-builtins
   37:20120  warning  Invalid typeof comparison value                                            valid-typeof
   37:20294  warning  Invalid typeof comparison value                                            valid-typeof
   37:22166  warning  Expected a conditional expression and instead saw an assignment            no-cond-assign
   37:27711  warning  Expected a conditional expression and instead saw an assignment            no-cond-assign
   37:29177  warning  Do not access Object.prototype method 'hasOwnProperty' from target object  no-prototype-builtins
   37:33278  warning  Expected a 'break' statement before 'case'                                 no-fallthrough
   37:33465  warning  Expected a 'break' statement before 'case'                                 no-fallthrough
   37:34582  warning  Expected a conditional expression and instead saw an assignment            no-cond-assign
   37:36027  warning  Expected a 'break' statement before 'case'                                 no-fallthrough
   37:37457  warning  Unexpected control character(s) in regular expression: \x00                no-control-regex
   38:1506   warning  Expected a conditional expression and instead saw an assignment            no-cond-assign
   38:1606   warning  Expected a conditional expression and instead saw an assignment            no-cond-assign
   38:14667  warning  Expected a 'break' statement before 'case'                                 no-fallthrough
   38:15124  warning  Unexpected constant condition                                              no-constant-condition
   38:15718  warning  Expected a conditional expression and instead saw an assignment            no-cond-assign
   38:22290  warning  Empty block statement                                                      no-empty
   38:22299  warning  Empty block statement                                                      no-empty
   38:25675  warning  Expected a conditional expression and instead saw an assignment            no-cond-assign
   38:26538  warning  Expected a conditional expression and instead saw an assignment            no-cond-assign
   40:3968   warning  Expected a conditional expression and instead saw an assignment            no-cond-assign
   40:5090   warning  Expected a conditional expression and instead saw an assignment            no-cond-assign
   40:12874  warning  Do not access Object.prototype method 'hasOwnProperty' from target object  no-prototype-builtins
   40:12895  warning  Do not access Object.prototype method 'hasOwnProperty' from target object  no-prototype-builtins
   40:12965  warning  Do not access Object.prototype method 'hasOwnProperty' from target object  no-prototype-builtins
   40:13147  warning  Do not access Object.prototype method 'hasOwnProperty' from target object  no-prototype-builtins
   40:13249  warning  Do not access Object.prototype method 'hasOwnProperty' from target object  no-prototype-builtins
   40:13329  warning  Do not access Object.prototype method 'hasOwnProperty' from target object  no-prototype-builtins
   40:13353  warning  Do not access Object.prototype method 'hasOwnProperty' from target object  no-prototype-builtins
   40:13405  warning  Do not access Object.prototype method 'hasOwnProperty' from target object  no-prototype-builtins
   40:13760  warning  Do not access Object.prototype method 'hasOwnProperty' from target object  no-prototype-builtins
   40:15957  warning  Do not access Object.prototype method 'hasOwnProperty' from target object  no-prototype-builtins
   40:16236  warning  Do not access Object.prototype method 'hasOwnProperty' from target object  no-prototype-builtins
   40:16683  warning  Unnecessary escape character: \/                                           no-useless-escape
   40:17565  warning  Do not access Object.prototype method 'hasOwnProperty' from target object  no-prototype-builtins
   40:17874  warning  Do not access Object.prototype method 'hasOwnProperty' from target object  no-prototype-builtins
   40:25897  warning  Empty block statement                                                      no-empty
   40:25932  warning  Expected a 'break' statement before 'case'                                 no-fallthrough
   40:30010  warning  Do not access Object.prototype method 'hasOwnProperty' from target object  no-prototype-builtins
   40:30990  warning  't' is defined but never used                                              no-unused-vars
   40:30992  warning  'n' is defined but never used                                              no-unused-vars
   40:31019  warning  't' is defined but never used                                              no-unused-vars
   40:31021  warning  'n' is defined but never used                                              no-unused-vars
   40:34722  warning  Unexpected constant condition                                              no-constant-condition
   40:39250  warning  Unexpected constant condition                                              no-constant-condition
   40:39542  warning  Unexpected constant condition                                              no-constant-condition
   40:42550  warning  Empty block statement                                                      no-empty
   40:52971  warning  Expected a conditional expression and instead saw an assignment            no-cond-assign
   40:54377  warning  'lm' is a function                                                         no-func-assign
   40:54383  warning  'cm' is a function                                                         no-func-assign
   40:55301  warning  '__REACT_DEVTOOLS_GLOBAL_HOOK__' is not defined                            no-undef
   40:55400  warning  Empty block statement                                                      no-empty
   40:57433  warning  '__REACT_DEVTOOLS_GLOBAL_HOOK__' is not defined                            no-undef
   40:57490  warning  '__REACT_DEVTOOLS_GLOBAL_HOOK__' is not defined                            no-undef
   48:1253   warning  't' is defined but never used                                              no-unused-vars
  173:1138   warning  'r' is defined but never used                                              no-unused-vars
  173:1149   warning  's' is defined but never used                                              no-unused-vars
  173:1190   warning  'l' is assigned a value but never used                                     no-unused-vars
  173:1256   warning  'S' is assigned a value but never used                                     no-unused-vars
  173:1413   warning  '_' is assigned a value but never used                                     no-unused-vars
  173:1434   warning  'P' is assigned a value but never used                                     no-unused-vars
  173:8720   warning  't' is assigned a value but never used                                     no-unused-vars
  173:8825   warning  'c' is defined but never used                                              no-unused-vars
  173:8956   warning  'g' is assigned a value but never used                                     no-unused-vars
  173:17160  warning  'o' is assigned a value but never used                                     no-unused-vars
  173:31716  warning  'ea' is a function                                                         no-func-assign
  173:37360  warning  Empty block statement                                                      no-empty
  173:37864  warning  Expected a conditional expression and instead saw an assignment            no-cond-assign
  173:39877  warning  Expected a 'break' statement before 'case'                                 no-fallthrough
  173:40113  warning  Expected a 'break' statement before 'case'                                 no-fallthrough
  173:40169  warning  Expected a 'break' statement before 'case'                                 no-fallthrough
  173:40298  warning  Expected a 'break' statement before 'default'                              no-fallthrough
  173:40620  warning  Expected a 'break' statement before 'default'                              no-fallthrough
  173:41406  warning  Expected a 'break' statement before 'case'                                 no-fallthrough
  173:42099  warning  Expected a 'break' statement before 'default'                              no-fallthrough
  173:42125  warning  Expected a conditional expression and instead saw an assignment            no-cond-assign
  173:44193  warning  Expected a 'break' statement before 'case'                                 no-fallthrough
  173:44403  warning  Expected a 'break' statement before 'case'                                 no-fallthrough
  180:3246   warning  Expected a 'break' statement before 'case'                                 no-fallthrough
  180:3283   warning  Expected a 'break' statement before 'case'                                 no-fallthrough
  186:6031   warning  'r' is defined but never used                                              no-unused-vars
  186:16263  warning  's' is assigned a value but never used                                     no-unused-vars
  186:18100  warning  'e' is defined but never used                                              no-unused-vars
  186:18102  warning  't' is defined but never used                                              no-unused-vars
  186:20091  warning  't' is defined but never used                                              no-unused-vars
  186:21158  warning  'n' is defined but never used                                              no-unused-vars
  186:21396  warning  'n' is defined but never used                                              no-unused-vars
  186:21725  warning  'n' is defined but never used                                              no-unused-vars
  186:21832  warning  'n' is defined but never used                                              no-unused-vars
  186:22705  warning  Empty block statement                                                      no-empty
  186:26105  warning  'i' is assigned a value but never used                                     no-unused-vars
  186:30461  warning  Do not access Object.prototype method 'hasOwnProperty' from target object  no-prototype-builtins
  186:31701  warning  Do not access Object.prototype method 'hasOwnProperty' from target object  no-prototype-builtins
  186:35532  warning  'u' is assigned a value but never used                                     no-unused-vars
  193:65     warning  'n' is assigned a value but never used                                     no-unused-vars
  193:87     warning  's' is assigned a value but never used                                     no-unused-vars
  193:141    warning  'c' is assigned a value but never used                                     no-unused-vars
  194:345    warning  Empty block statement                                                      no-empty
  194:13479  warning  'Uc' is a function                                                         no-func-assign
  194:18198  warning  'u' is assigned a value but never used                                     no-unused-vars
  194:18249  warning  'm' is assigned a value but never used                                     no-unused-vars
  267:3309   warning  'S' is assigned a value but never used                                     no-unused-vars
  267:5414   warning  Do not access Object.prototype method 'hasOwnProperty' from target object  no-prototype-builtins
  267:26701  warning  'x' is assigned a value but never used                                     no-unused-vars
  267:57212  warning  't' is defined but never used                                              no-unused-vars
  267:65985  warning  'r' is assigned a value but never used                                     no-unused-vars
  267:66008  warning  's' is assigned a value but never used                                     no-unused-vars
  267:66032  warning  'o' is assigned a value but never used                                     no-unused-vars
  267:66932  warning  'o' is assigned a value but never used                                     no-unused-vars
  267:78471  warning  '$C' is assigned a value but never used                                    no-unused-vars
  267:83753  warning  's' is defined but never used                                              no-unused-vars
  267:83784  warning  'i' is assigned a value but never used                                     no-unused-vars

/home/runner/work/exp-db-access-control-amrt/exp-db-access-control-amrt/experiment/simulation/js/index-Bojmo583.js
    9:1588   warning  Do not access Object.prototype method 'hasOwnProperty' from target object  no-prototype-builtins
    9:4656   warning  Do not access Object.prototype method 'hasOwnProperty' from target object  no-prototype-builtins
   17:376    warning  Do not access Object.prototype method 'hasOwnProperty' from target object  no-prototype-builtins
   25:917    warning  'setImmediate' is not defined                                              no-undef
   33:596    warning  Unexpected combined character in character class                           no-misleading-character-class
   33:3023   warning  Unnecessary escape character: \-                                           no-useless-escape
   33:4912   warning  Do not access Object.prototype method 'hasOwnProperty' from target object  no-prototype-builtins
   37:202    warning  Expected a conditional expression and instead saw an assignment            no-cond-assign
   37:1216   warning  Empty block statement                                                      no-empty
   37:2389   warning  Do not access Object.prototype method 'hasOwnProperty' from target object  no-prototype-builtins
   37:3869   warning  Do not access Object.prototype method 'hasOwnProperty' from target object  no-prototype-builtins
   37:3910   warning  Do not access Object.prototype method 'hasOwnProperty' from target object  no-prototype-builtins
   37:4077   warning  Do not access Object.prototype method 'hasOwnProperty' from target object  no-prototype-builtins
   37:4104   warning  Do not access Object.prototype method 'hasOwnProperty' from target object  no-prototype-builtins
   37:4695   warning  Do not access Object.prototype method 'hasOwnProperty' from target object  no-prototype-builtins
   37:6032   warning  'MSApp' is not defined                                                     no-undef
   37:6080   warning  'MSApp' is not defined                                                     no-undef
   37:7460   warning  Do not access Object.prototype method 'hasOwnProperty' from target object  no-prototype-builtins
   37:7553   warning  Do not access Object.prototype method 'hasOwnProperty' from target object  no-prototype-builtins
   37:8636   warning  Expected a conditional expression and instead saw an assignment            no-cond-assign
   37:9657   warning  Expected to return a value in method 'get'                                 getter-return
   37:9790   warning  'r' is defined but never used                                              no-unused-vars
   37:9792   warning  's' is defined but never used                                              no-unused-vars
   37:9794   warning  'o' is defined but never used                                              no-unused-vars
   37:9796   warning  'i' is defined but never used                                              no-unused-vars
   37:9798   warning  'l' is defined but never used                                              no-unused-vars
   37:9800   warning  'c' is defined but never used                                              no-unused-vars
   37:9973   warning  'e' is defined but never used                                              no-unused-vars
   37:9975   warning  't' is defined but never used                                              no-unused-vars
   37:9977   warning  'n' is defined but never used                                              no-unused-vars
   37:9979   warning  'r' is defined but never used                                              no-unused-vars
   37:9981   warning  's' is defined but never used                                              no-unused-vars
   37:9983   warning  'o' is defined but never used                                              no-unused-vars
   37:9985   warning  'i' is defined but never used                                              no-unused-vars
   37:9987   warning  'l' is defined but never used                                              no-unused-vars
   37:9989   warning  'c' is defined but never used                                              no-unused-vars
   37:10041  warning  'e' is defined but never used                                              no-unused-vars
   37:10043  warning  't' is defined but never used                                              no-unused-vars
   37:10045  warning  'n' is defined but never used                                              no-unused-vars
   37:10047  warning  'r' is defined but never used                                              no-unused-vars
   37:10049  warning  's' is defined but never used                                              no-unused-vars
   37:10051  warning  'o' is defined but never used                                              no-unused-vars
   37:10053  warning  'i' is defined but never used                                              no-unused-vars
   37:10055  warning  'l' is defined but never used                                              no-unused-vars
   37:10057  warning  'c' is defined but never used                                              no-unused-vars
   37:11890  warning  Empty block statement                                                      no-empty
   37:19777  warning  Do not access Object.prototype method 'hasOwnProperty' from target object  no-prototype-builtins
   37:20120  warning  Invalid typeof comparison value                                            valid-typeof
   37:20294  warning  Invalid typeof comparison value                                            valid-typeof
   37:22166  warning  Expected a conditional expression and instead saw an assignment            no-cond-assign
   37:27711  warning  Expected a conditional expression and instead saw an assignment            no-cond-assign
   37:29177  warning  Do not access Object.prototype method 'hasOwnProperty' from target object  no-prototype-builtins
   37:33278  warning  Expected a 'break' statement before 'case'                                 no-fallthrough
   37:33465  warning  Expected a 'break' statement before 'case'                                 no-fallthrough
   37:34582  warning  Expected a conditional expression and instead saw an assignment            no-cond-assign
   37:36027  warning  Expected a 'break' statement before 'case'                                 no-fallthrough
   37:37457  warning  Unexpected control character(s) in regular expression: \x00                no-control-regex
   38:1506   warning  Expected a conditional expression and instead saw an assignment            no-cond-assign
   38:1606   warning  Expected a conditional expression and instead saw an assignment            no-cond-assign
   38:14667  warning  Expected a 'break' statement before 'case'                                 no-fallthrough
   38:15124  warning  Unexpected constant condition                                              no-constant-condition
   38:15718  warning  Expected a conditional expression and instead saw an assignment            no-cond-assign
   38:22290  warning  Empty block statement                                                      no-empty
   38:22299  warning  Empty block statement                                                      no-empty
   38:25675  warning  Expected a conditional expression and instead saw an assignment            no-cond-assign
   38:26538  warning  Expected a conditional expression and instead saw an assignment            no-cond-assign
   40:3968   warning  Expected a conditional expression and instead saw an assignment            no-cond-assign
   40:5090   warning  Expected a conditional expression and instead saw an assignment            no-cond-assign
   40:12874  warning  Do not access Object.prototype method 'hasOwnProperty' from target object  no-prototype-builtins
   40:12895  warning  Do not access Object.prototype method 'hasOwnProperty' from target object  no-prototype-builtins
   40:12965  warning  Do not access Object.prototype method 'hasOwnProperty' from target object  no-prototype-builtins
   40:13147  warning  Do not access Object.prototype method 'hasOwnProperty' from target object  no-prototype-builtins
   40:13249  warning  Do not access Object.prototype method 'hasOwnProperty' from target object  no-prototype-builtins
   40:13329  warning  Do not access Object.prototype method 'hasOwnProperty' from target object  no-prototype-builtins
   40:13353  warning  Do not access Object.prototype method 'hasOwnProperty' from target object  no-prototype-builtins
   40:13405  warning  Do not access Object.prototype method 'hasOwnProperty' from target object  no-prototype-builtins
   40:13760  warning  Do not access Object.prototype method 'hasOwnProperty' from target object  no-prototype-builtins
   40:15957  warning  Do not access Object.prototype method 'hasOwnProperty' from target object  no-prototype-builtins
   40:16236  warning  Do not access Object.prototype method 'hasOwnProperty' from target object  no-prototype-builtins
   40:16683  warning  Unnecessary escape character: \/                                           no-useless-escape
   40:17565  warning  Do not access Object.prototype method 'hasOwnProperty' from target object  no-prototype-builtins
   40:17874  warning  Do not access Object.prototype method 'hasOwnProperty' from target object  no-prototype-builtins
   40:25897  warning  Empty block statement                                                      no-empty
   40:25932  warning  Expected a 'break' statement before 'case'                                 no-fallthrough
   40:30010  warning  Do not access Object.prototype method 'hasOwnProperty' from target object  no-prototype-builtins
   40:30990  warning  't' is defined but never used                                              no-unused-vars
   40:30992  warning  'n' is defined but never used                                              no-unused-vars
   40:31019  warning  't' is defined but never used                                              no-unused-vars
   40:31021  warning  'n' is defined but never used                                              no-unused-vars
   40:34722  warning  Unexpected constant condition                                              no-constant-condition
   40:39250  warning  Unexpected constant condition                                              no-constant-condition
   40:39542  warning  Unexpected constant condition                                              no-constant-condition
   40:42550  warning  Empty block statement                                                      no-empty
   40:52971  warning  Expected a conditional expression and instead saw an assignment            no-cond-assign
   40:54377  warning  'lm' is a function                                                         no-func-assign
   40:54383  warning  'cm' is a function                                                         no-func-assign
   40:55301  warning  '__REACT_DEVTOOLS_GLOBAL_HOOK__' is not defined                            no-undef
   40:55400  warning  Empty block statement                                                      no-empty
   40:57433  warning  '__REACT_DEVTOOLS_GLOBAL_HOOK__' is not defined                            no-undef
   40:57490  warning  '__REACT_DEVTOOLS_GLOBAL_HOOK__' is not defined                            no-undef
   48:1253   warning  't' is defined but never used                                              no-unused-vars
  173:1138   warning  'r' is defined but never used                                              no-unused-vars
  173:1149   warning  's' is defined but never used                                              no-unused-vars
  173:1190   warning  'l' is assigned a value but never used                                     no-unused-vars
  173:1256   warning  'S' is assigned a value but never used                                     no-unused-vars
  173:1413   warning  '_' is assigned a value but never used                                     no-unused-vars
  173:1434   warning  'P' is assigned a value but never used                                     no-unused-vars
  173:8562   warning  't' is assigned a value but never used                                     no-unused-vars
  173:8667   warning  'c' is defined but never used                                              no-unused-vars
  173:8798   warning  'g' is assigned a value but never used                                     no-unused-vars
  173:16736  warning  'o' is assigned a value but never used                                     no-unused-vars
  173:18627  warning  'E' is defined but never used                                              no-unused-vars
  173:31083  warning  'ea' is a function                                                         no-func-assign
  173:36727  warning  Empty block statement                                                      no-empty
  173:37231  warning  Expected a conditional expression and instead saw an assignment            no-cond-assign
  173:39244  warning  Expected a 'break' statement before 'case'                                 no-fallthrough
  173:39480  warning  Expected a 'break' statement before 'case'                                 no-fallthrough
  173:39536  warning  Expected a 'break' statement before 'case'                                 no-fallthrough
  173:39665  warning  Expected a 'break' statement before 'default'                              no-fallthrough
  173:39987  warning  Expected a 'break' statement before 'default'                              no-fallthrough
  173:40773  warning  Expected a 'break' statement before 'case'                                 no-fallthrough
  173:41466  warning  Expected a 'break' statement before 'default'                              no-fallthrough
  173:41492  warning  Expected a conditional expression and instead saw an assignment            no-cond-assign
  173:43560  warning  Expected a 'break' statement before 'case'                                 no-fallthrough
  173:43770  warning  Expected a 'break' statement before 'case'                                 no-fallthrough
  180:3246   warning  Expected a 'break' statement before 'case'                                 no-fallthrough
  180:3283   warning  Expected a 'break' statement before 'case'                                 no-fallthrough
  186:6031   warning  'r' is defined but never used                                              no-unused-vars
  186:16263  warning  's' is assigned a value but never used                                     no-unused-vars
  186:18100  warning  'e' is defined but never used                                              no-unused-vars
  186:18102  warning  't' is defined but never used                                              no-unused-vars
  186:20091  warning  't' is defined but never used                                              no-unused-vars
  186:21158  warning  'n' is defined but never used                                              no-unused-vars
  186:21396  warning  'n' is defined but never used                                              no-unused-vars
  186:21725  warning  'n' is defined but never used                                              no-unused-vars
  186:21832  warning  'n' is defined but never used                                              no-unused-vars
  186:22705  warning  Empty block statement                                                      no-empty
  186:26105  warning  'i' is assigned a value but never used                                     no-unused-vars
  186:30461  warning  Do not access Object.prototype method 'hasOwnProperty' from target object  no-prototype-builtins
  186:31701  warning  Do not access Object.prototype method 'hasOwnProperty' from target object  no-prototype-builtins
  186:35532  warning  'u' is assigned a value but never used                                     no-unused-vars
  193:65     warning  'n' is assigned a value but never used                                     no-unused-vars
  193:87     warning  's' is assigned a value but never used                                     no-unused-vars
  193:141    warning  'c' is assigned a value but never used                                     no-unused-vars
  194:345    warning  Empty block statement                                                      no-empty
  194:13479  warning  'Fc' is a function                                                         no-func-assign
  194:18198  warning  'u' is assigned a value but never used                                     no-unused-vars
  194:18249  warning  'm' is assigned a value but never used                                     no-unused-vars
  267:3309   warning  'S' is assigned a value but never used                                     no-unused-vars
  267:5414   warning  Do not access Object.prototype method 'hasOwnProperty' from target object  no-prototype-builtins
  267:26701  warning  'x' is assigned a value but never used                                     no-unused-vars
  267:57213  warning  't' is defined but never used                                              no-unused-vars
  267:65986  warning  'r' is assigned a value but never used                                     no-unused-vars
  267:66009  warning  's' is assigned a value but never used                                     no-unused-vars
  267:66033  warning  'o' is assigned a value but never used                                     no-unused-vars
  267:66933  warning  'o' is assigned a value but never used                                     no-unused-vars
  267:78438  warning  '$j' is assigned a value but never used                                    no-unused-vars
  267:83720  warning  's' is defined but never used                                              no-unused-vars
  267:83751  warning  'i' is assigned a value but never used                                     no-unused-vars

/home/runner/work/exp-db-access-control-amrt/exp-db-access-control-amrt/experiment/simulation/js/index-SpadQ5Hz.js
    9:1588   warning  Do not access Object.prototype method 'hasOwnProperty' from target object  no-prototype-builtins
    9:4656   warning  Do not access Object.prototype method 'hasOwnProperty' from target object  no-prototype-builtins
   17:376    warning  Do not access Object.prototype method 'hasOwnProperty' from target object  no-prototype-builtins
   25:917    warning  'setImmediate' is not defined                                              no-undef
   33:596    warning  Unexpected combined character in character class                           no-misleading-character-class
   33:3023   warning  Unnecessary escape character: \-                                           no-useless-escape
   33:4912   warning  Do not access Object.prototype method 'hasOwnProperty' from target object  no-prototype-builtins
   37:202    warning  Expected a conditional expression and instead saw an assignment            no-cond-assign
   37:1216   warning  Empty block statement                                                      no-empty
   37:2389   warning  Do not access Object.prototype method 'hasOwnProperty' from target object  no-prototype-builtins
   37:3869   warning  Do not access Object.prototype method 'hasOwnProperty' from target object  no-prototype-builtins
   37:3910   warning  Do not access Object.prototype method 'hasOwnProperty' from target object  no-prototype-builtins
   37:4077   warning  Do not access Object.prototype method 'hasOwnProperty' from target object  no-prototype-builtins
   37:4104   warning  Do not access Object.prototype method 'hasOwnProperty' from target object  no-prototype-builtins
   37:4695   warning  Do not access Object.prototype method 'hasOwnProperty' from target object  no-prototype-builtins
   37:6032   warning  'MSApp' is not defined                                                     no-undef
   37:6080   warning  'MSApp' is not defined                                                     no-undef
   37:7460   warning  Do not access Object.prototype method 'hasOwnProperty' from target object  no-prototype-builtins
   37:7553   warning  Do not access Object.prototype method 'hasOwnProperty' from target object  no-prototype-builtins
   37:8636   warning  Expected a conditional expression and instead saw an assignment            no-cond-assign
   37:9657   warning  Expected to return a value in method 'get'                                 getter-return
   37:9790   warning  'r' is defined but never used                                              no-unused-vars
   37:9792   warning  's' is defined but never used                                              no-unused-vars
   37:9794   warning  'o' is defined but never used                                              no-unused-vars
   37:9796   warning  'i' is defined but never used                                              no-unused-vars
   37:9798   warning  'l' is defined but never used                                              no-unused-vars
   37:9800   warning  'c' is defined but never used                                              no-unused-vars
   37:9973   warning  'e' is defined but never used                                              no-unused-vars
   37:9975   warning  't' is defined but never used                                              no-unused-vars
   37:9977   warning  'n' is defined but never used                                              no-unused-vars
   37:9979   warning  'r' is defined but never used                                              no-unused-vars
   37:9981   warning  's' is defined but never used                                              no-unused-vars
   37:9983   warning  'o' is defined but never used                                              no-unused-vars
   37:9985   warning  'i' is defined but never used                                              no-unused-vars
   37:9987   warning  'l' is defined but never used                                              no-unused-vars
   37:9989   warning  'c' is defined but never used                                              no-unused-vars
   37:10041  warning  'e' is defined but never used                                              no-unused-vars
   37:10043  warning  't' is defined but never used                                              no-unused-vars
   37:10045  warning  'n' is defined but never used                                              no-unused-vars
   37:10047  warning  'r' is defined but never used                                              no-unused-vars
   37:10049  warning  's' is defined but never used                                              no-unused-vars
   37:10051  warning  'o' is defined but never used                                              no-unused-vars
   37:10053  warning  'i' is defined but never used                                              no-unused-vars
   37:10055  warning  'l' is defined but never used                                              no-unused-vars
   37:10057  warning  'c' is defined but never used                                              no-unused-vars
   37:11890  warning  Empty block statement                                                      no-empty
   37:19777  warning  Do not access Object.prototype method 'hasOwnProperty' from target object  no-prototype-builtins
   37:20120  warning  Invalid typeof comparison value                                            valid-typeof
   37:20294  warning  Invalid typeof comparison value                                            valid-typeof
   37:22166  warning  Expected a conditional expression and instead saw an assignment            no-cond-assign
   37:27711  warning  Expected a conditional expression and instead saw an assignment            no-cond-assign
   37:29177  warning  Do not access Object.prototype method 'hasOwnProperty' from target object  no-prototype-builtins
   37:33278  warning  Expected a 'break' statement before 'case'                                 no-fallthrough
   37:33465  warning  Expected a 'break' statement before 'case'                                 no-fallthrough
   37:34582  warning  Expected a conditional expression and instead saw an assignment            no-cond-assign
   37:36027  warning  Expected a 'break' statement before 'case'                                 no-fallthrough
   37:37457  warning  Unexpected control character(s) in regular expression: \x00                no-control-regex
   38:1506   warning  Expected a conditional expression and instead saw an assignment            no-cond-assign
   38:1606   warning  Expected a conditional expression and instead saw an assignment            no-cond-assign
   38:14667  warning  Expected a 'break' statement before 'case'                                 no-fallthrough
   38:15124  warning  Unexpected constant condition                                              no-constant-condition
   38:15718  warning  Expected a conditional expression and instead saw an assignment            no-cond-assign
   38:22290  warning  Empty block statement                                                      no-empty
   38:22299  warning  Empty block statement                                                      no-empty
   38:25675  warning  Expected a conditional expression and instead saw an assignment            no-cond-assign
   38:26538  warning  Expected a conditional expression and instead saw an assignment            no-cond-assign
   40:3968   warning  Expected a conditional expression and instead saw an assignment            no-cond-assign
   40:5090   warning  Expected a conditional expression and instead saw an assignment            no-cond-assign
   40:12874  warning  Do not access Object.prototype method 'hasOwnProperty' from target object  no-prototype-builtins
   40:12895  warning  Do not access Object.prototype method 'hasOwnProperty' from target object  no-prototype-builtins
   40:12965  warning  Do not access Object.prototype method 'hasOwnProperty' from target object  no-prototype-builtins
   40:13147  warning  Do not access Object.prototype method 'hasOwnProperty' from target object  no-prototype-builtins
   40:13249  warning  Do not access Object.prototype method 'hasOwnProperty' from target object  no-prototype-builtins
   40:13329  warning  Do not access Object.prototype method 'hasOwnProperty' from target object  no-prototype-builtins
   40:13353  warning  Do not access Object.prototype method 'hasOwnProperty' from target object  no-prototype-builtins
   40:13405  warning  Do not access Object.prototype method 'hasOwnProperty' from target object  no-prototype-builtins
   40:13760  warning  Do not access Object.prototype method 'hasOwnProperty' from target object  no-prototype-builtins
   40:15957  warning  Do not access Object.prototype method 'hasOwnProperty' from target object  no-prototype-builtins
   40:16236  warning  Do not access Object.prototype method 'hasOwnProperty' from target object  no-prototype-builtins
   40:16683  warning  Unnecessary escape character: \/                                           no-useless-escape
   40:17565  warning  Do not access Object.prototype method 'hasOwnProperty' from target object  no-prototype-builtins
   40:17874  warning  Do not access Object.prototype method 'hasOwnProperty' from target object  no-prototype-builtins
   40:25897  warning  Empty block statement                                                      no-empty
   40:25932  warning  Expected a 'break' statement before 'case'                                 no-fallthrough
   40:30010  warning  Do not access Object.prototype method 'hasOwnProperty' from target object  no-prototype-builtins
   40:30990  warning  't' is defined but never used                                              no-unused-vars
   40:30992  warning  'n' is defined but never used                                              no-unused-vars
   40:31019  warning  't' is defined but never used                                              no-unused-vars
   40:31021  warning  'n' is defined but never used                                              no-unused-vars
   40:34722  warning  Unexpected constant condition                                              no-constant-condition
   40:39250  warning  Unexpected constant condition                                              no-constant-condition
   40:39542  warning  Unexpected constant condition                                              no-constant-condition
   40:42550  warning  Empty block statement                                                      no-empty
   40:52971  warning  Expected a conditional expression and instead saw an assignment            no-cond-assign
   40:54377  warning  'lm' is a function                                                         no-func-assign
   40:54383  warning  'cm' is a function                                                         no-func-assign
   40:55301  warning  '__REACT_DEVTOOLS_GLOBAL_HOOK__' is not defined                            no-undef
   40:55400  warning  Empty block statement                                                      no-empty
   40:57433  warning  '__REACT_DEVTOOLS_GLOBAL_HOOK__' is not defined                            no-undef
   40:57490  warning  '__REACT_DEVTOOLS_GLOBAL_HOOK__' is not defined                            no-undef
   48:1253   warning  't' is defined but never used                                              no-unused-vars
  173:1138   warning  'r' is defined but never used                                              no-unused-vars
  173:1149   warning  's' is defined but never used                                              no-unused-vars
  173:1190   warning  'l' is assigned a value but never used                                     no-unused-vars
  173:1256   warning  'S' is assigned a value but never used                                     no-unused-vars
  173:1413   warning  '_' is assigned a value but never used                                     no-unused-vars
  173:1434   warning  'P' is assigned a value but never used                                     no-unused-vars
  173:8562   warning  't' is assigned a value but never used                                     no-unused-vars
  173:8667   warning  'c' is defined but never used                                              no-unused-vars
  173:8798   warning  'g' is assigned a value but never used                                     no-unused-vars
  173:16736  warning  'o' is assigned a value but never used                                     no-unused-vars
  173:18627  warning  'E' is defined but never used                                              no-unused-vars
  173:31083  warning  'ea' is a function                                                         no-func-assign
  173:36727  warning  Empty block statement                                                      no-empty
  173:37231  warning  Expected a conditional expression and instead saw an assignment            no-cond-assign
  173:39244  warning  Expected a 'break' statement before 'case'                                 no-fallthrough
  173:39480  warning  Expected a 'break' statement before 'case'                                 no-fallthrough
  173:39536  warning  Expected a 'break' statement before 'case'                                 no-fallthrough
  173:39665  warning  Expected a 'break' statement before 'default'                              no-fallthrough
  173:39987  warning  Expected a 'break' statement before 'default'                              no-fallthrough
  173:40773  warning  Expected a 'break' statement before 'case'                                 no-fallthrough
  173:41466  warning  Expected a 'break' statement before 'default'                              no-fallthrough
  173:41492  warning  Expected a conditional expression and instead saw an assignment            no-cond-assign
  173:43560  warning  Expected a 'break' statement before 'case'                                 no-fallthrough
  173:43770  warning  Expected a 'break' statement before 'case'                                 no-fallthrough
  180:3246   warning  Expected a 'break' statement before 'case'                                 no-fallthrough
  180:3283   warning  Expected a 'break' statement before 'case'                                 no-fallthrough
  186:6031   warning  'r' is defined but never used                                              no-unused-vars
  186:16263  warning  's' is assigned a value but never used                                     no-unused-vars
  186:18100  warning  'e' is defined but never used                                              no-unused-vars
  186:18102  warning  't' is defined but never used                                              no-unused-vars
  186:20091  warning  't' is defined but never used                                              no-unused-vars
  186:21158  warning  'n' is defined but never used                                              no-unused-vars
  186:21396  warning  'n' is defined but never used                                              no-unused-vars
  186:21725  warning  'n' is defined but never used                                              no-unused-vars
  186:21832  warning  'n' is defined but never used                                              no-unused-vars
  186:22705  warning  Empty block statement                                                      no-empty
  186:26105  warning  'i' is assigned a value but never used                                     no-unused-vars
  186:30461  warning  Do not access Object.prototype method 'hasOwnProperty' from target object  no-prototype-builtins
  186:31701  warning  Do not access Object.prototype method 'hasOwnProperty' from target object  no-prototype-builtins
  186:35532  warning  'u' is assigned a value but never used                                     no-unused-vars
  193:65     warning  'n' is assigned a value but never used                                     no-unused-vars
  193:87     warning  's' is assigned a value but never used                                     no-unused-vars
  193:141    warning  'c' is assigned a value but never used                                     no-unused-vars
  194:345    warning  Empty block statement                                                      no-empty
  194:13479  warning  'Uc' is a function                                                         no-func-assign
  194:18198  warning  'u' is assigned a value but never used                                     no-unused-vars
  194:18249  warning  'm' is assigned a value but never used                                     no-unused-vars
  267:3309   warning  'S' is assigned a value but never used                                     no-unused-vars
  267:5414   warning  Do not access Object.prototype method 'hasOwnProperty' from target object  no-prototype-builtins
  267:26701  warning  'x' is assigned a value but never used                                     no-unused-vars
  267:57213  warning  't' is defined but never used                                              no-unused-vars
  267:65986  warning  'r' is assigned a value but never used                                     no-unused-vars
  267:66009  warning  's' is assigned a value but never used                                     no-unused-vars
  267:66033  warning  'o' is assigned a value but never used                                     no-unused-vars
  267:66933  warning  'o' is assigned a value but never used                                     no-unused-vars
  267:78472  warning  '$j' is assigned a value but never used                                    no-unused-vars
  267:83754  warning  's' is defined but never used                                              no-unused-vars
  267:83785  warning  'i' is assigned a value but never used                                     no-unused-vars

✖ 476 problems (0 errors, 476 warnings)

